s:\guidesign\cppopendds\debug\commander_publisher\i386\vc120.pdb
s:\guidesign\cppopendds\debug\commander_publisher\i386\vc120.idb
s:\guidesign\cppopendds\debug\commander_publisher\i386\publisher.obj
s:\guidesign\cppopendds\debug\commander_publisher\i386\commandertypesupports.obj
s:\guidesign\cppopendds\debug\commander_publisher\i386\commandertypesupportimpl.obj
s:\guidesign\cppopendds\debug\commander_publisher\i386\commandertypesupportc.obj
s:\guidesign\cppopendds\debug\commander_publisher\i386\commanders.obj
s:\guidesign\cppopendds\debug\commander_publisher\i386\commanderc.obj
s:\guidesign\cppopendds\commandertypesupportc.cpp
s:\guidesign\cppopendds\commandertypesupportc.h
s:\guidesign\cppopendds\commandertypesupportc.inl
s:\guidesign\cppopendds\commandertypesupports.cpp
s:\guidesign\cppopendds\commandertypesupports.h
s:\guidesign\cppopendds\commanderc.cpp
s:\guidesign\cppopendds\commanderc.h
s:\guidesign\cppopendds\commanderc.inl
s:\guidesign\cppopendds\commanders.cpp
s:\guidesign\cppopendds\commanders.h
s:\guidesign\cppopendds\commandertypesupport.idl
s:\guidesign\cppopendds\commandertypesupportimpl.cpp
s:\guidesign\cppopendds\commandertypesupportimpl.h
s:\guidesign\cppopendds\publisher.ilk
s:\guidesign\cppopendds\publisher.exe
s:\guidesign\cppopendds\publisher_exe.pdb
s:\guidesign\cppopendds\.\commandpublisher.exe
s:\guidesign\cppopendds\debug\commander_publisher\i386\commande.93986ad7.tlog\cl.command.1.tlog
s:\guidesign\cppopendds\debug\commander_publisher\i386\commande.93986ad7.tlog\cl.read.1.tlog
s:\guidesign\cppopendds\debug\commander_publisher\i386\commande.93986ad7.tlog\cl.write.1.tlog
s:\guidesign\cppopendds\debug\commander_publisher\i386\commande.93986ad7.tlog\custombuild.command.1.tlog
s:\guidesign\cppopendds\debug\commander_publisher\i386\commande.93986ad7.tlog\custombuild.read.1.tlog
s:\guidesign\cppopendds\debug\commander_publisher\i386\commande.93986ad7.tlog\custombuild.write.1.tlog
s:\guidesign\cppopendds\debug\commander_publisher\i386\commande.93986ad7.tlog\link.command.1.tlog
s:\guidesign\cppopendds\debug\commander_publisher\i386\commande.93986ad7.tlog\link.read.1.tlog
s:\guidesign\cppopendds\debug\commander_publisher\i386\commande.93986ad7.tlog\link.write.1.tlog
